<?xml version="1.0" encoding="UTF-8"?>
<!-- Generated by org.testng.reporters.JUnitReportReporter -->
<testsuite hostname="DESKTOP-22LJLTB" failures="0" tests="2" name="com.perfeqta.qa.testcases.LoginPageTest" time="36.962" errors="0" timestamp="2022-01-06T16:48:38 IST" skipped="0">
  <testcase classname="com.perfeqta.qa.testcases.LoginPageTest" name="LoginTest" time="20.538"/>
  <system-out/>
  <testcase classname="com.perfeqta.qa.testcases.LoginPageTest" name="LoginPageTitleTest" time="16.424"/>
  <system-out/>
</testsuite> <!-- com.perfeqta.qa.testcases.LoginPageTest -->
